# JRE version: OpenJDK Runtime Environment (8.0_152-b02) (build 1.8.0_152-release-1024-b02)
# Java VM: OpenJDK 64-Bit Server VM (25.152-b02 mixed mode windows-amd64 compressed oops)
Heap:
 PSYoungGen      total 270848K, used 239078K [0x00000000e0000000, 0x00000000f6200000, 0x0000000100000000)
  eden space 241152K, 86% used [0x00000000e0000000,0x00000000ecc7c7b0,0x00000000eeb80000)
  from space 29696K, 99% used [0x00000000eeb80000,0x00000000f087d200,0x00000000f0880000)
  to   space 33280K, 0% used [0x00000000f4180000,0x00000000f4180000,0x00000000f6200000)
 ParOldGen       total 516096K, used 123655K [0x00000000a0000000, 0x00000000bf800000, 0x00000000e0000000)
  object space 516096K, 23% used [0x00000000a0000000,0x00000000a78c1cf8,0x00000000bf800000)
 Metaspace       used 70666K, capacity 73690K, committed 73876K, reserved 1114112K
  class space    used 9365K, capacity 10054K, committed 10172K, reserved 1048576K
GC Heap History (10 events):
Event: 15.458 GC heap before
{Heap before GC invocations=8 (full 2):
 PSYoungGen      total 210432K, used 206936K [0x00000000e0000000, 0x00000000f1c00000, 0x0000000100000000)
  eden space 188928K, 100% used [0x00000000e0000000,0x00000000eb880000,0x00000000eb880000)
  from space 21504K, 83% used [0x00000000eb880000,0x00000000eca16278,0x00000000ecd80000)
  to   space 19968K, 0% used [0x00000000f0880000,0x00000000f0880000,0x00000000f1c00000)
 ParOldGen       total 342528K, used 15260K [0x00000000a0000000, 0x00000000b4e80000, 0x00000000e0000000)
  object space 342528K, 4% used [0x00000000a0000000,0x00000000a0ee71a8,0x00000000b4e80000)
 Metaspace       used 55782K, capacity 57942K, committed 58200K, reserved 1099776K
  class space    used 7461K, capacity 7962K, committed 8064K, reserved 1048576K
Event: 15.476 GC heap after
Heap after GC invocations=8 (full 2):
 PSYoungGen      total 261120K, used 19957K [0x00000000e0000000, 0x00000000f2580000, 0x0000000100000000)
  eden space 241152K, 0% used [0x00000000e0000000,0x00000000e0000000,0x00000000eeb80000)
  from space 19968K, 99% used [0x00000000f0880000,0x00000000f1bfd758,0x00000000f1c00000)
  to   space 29696K, 0% used [0x00000000eeb80000,0x00000000eeb80000,0x00000000f0880000)
 ParOldGen       total 342528K, used 27558K [0x00000000a0000000, 0x00000000b4e80000, 0x00000000e0000000)
  object space 342528K, 8% used [0x00000000a0000000,0x00000000a1ae98b8,0x00000000b4e80000)
 Metaspace       used 55782K, capacity 57942K, committed 58200K, reserved 1099776K
  class space    used 7461K, capacity 7962K, committed 8064K, reserved 1048576K
}
Event: 36.784 GC heap before
{Heap before GC invocations=9 (full 2):
 PSYoungGen      total 261120K, used 121096K [0x00000000e0000000, 0x00000000f2580000, 0x0000000100000000)
  eden space 241152K, 41% used [0x00000000e0000000,0x00000000e62c49b8,0x00000000eeb80000)
  from space 19968K, 99% used [0x00000000f0880000,0x00000000f1bfd758,0x00000000f1c00000)
  to   space 29696K, 0% used [0x00000000eeb80000,0x00000000eeb80000,0x00000000f0880000)
 ParOldGen       total 342528K, used 27558K [0x00000000a0000000, 0x00000000b4e80000, 0x00000000e0000000)
  object space 342528K, 8% used [0x00000000a0000000,0x00000000a1ae98b8,0x00000000b4e80000)
 Metaspace       used 56834K, capacity 58942K, committed 59028K, reserved 1099776K
  class space    used 7585K, capacity 8072K, committed 8124K, reserved 1048576K
Event: 36.799 GC heap after
Heap after GC invocations=9 (full 2):
 PSYoungGen      total 270848K, used 26389K [0x00000000e0000000, 0x00000000f6200000, 0x0000000100000000)
  eden space 241152K, 0% used [0x00000000e0000000,0x00000000e0000000,0x00000000eeb80000)
  from space 29696K, 88% used [0x00000000eeb80000,0x00000000f0545788,0x00000000f0880000)
  to   space 33280K, 0% used [0x00000000f4180000,0x00000000f4180000,0x00000000f6200000)
 ParOldGen       total 342528K, used 27566K [0x00000000a0000000, 0x00000000b4e80000, 0x00000000e0000000)
  object space 342528K, 8% used [0x00000000a0000000,0x00000000a1aeb8b8,0x00000000b4e80000)
 Metaspace       used 56834K, capacity 58942K, committed 59028K, reserved 1099776K
  class space    used 7585K, capacity 8072K, committed 8124K, reserved 1048576K
}
Event: 36.799 GC heap before
{Heap before GC invocations=10 (full 3):
 PSYoungGen      total 270848K, used 26389K [0x00000000e0000000, 0x00000000f6200000, 0x0000000100000000)
  eden space 241152K, 0% used [0x00000000e0000000,0x00000000e0000000,0x00000000eeb80000)
  from space 29696K, 88% used [0x00000000eeb80000,0x00000000f0545788,0x00000000f0880000)
  to   space 33280K, 0% used [0x00000000f4180000,0x00000000f4180000,0x00000000f6200000)
 ParOldGen       total 342528K, used 27566K [0x00000000a0000000, 0x00000000b4e80000, 0x00000000e0000000)
  object space 342528K, 8% used [0x00000000a0000000,0x00000000a1aeb8b8,0x00000000b4e80000)
 Metaspace       used 56834K, capacity 58942K, committed 59028K, reserved 1099776K
  class space    used 7585K, capacity 8072K, committed 8124K, reserved 1048576K
Event: 36.959 GC heap after
Heap after GC invocations=10 (full 3):
 PSYoungGen      total 270848K, used 0K [0x00000000e0000000, 0x00000000f6200000, 0x0000000100000000)
  eden space 241152K, 0% used [0x00000000e0000000,0x00000000e0000000,0x00000000eeb80000)
  from space 29696K, 0% used [0x00000000eeb80000,0x00000000eeb80000,0x00000000f0880000)
  to   space 33280K, 0% used [0x00000000f4180000,0x00000000f4180000,0x00000000f6200000)
 ParOldGen       total 516096K, used 41010K [0x00000000a0000000, 0x00000000bf800000, 0x00000000e0000000)
  object space 516096K, 7% used [0x00000000a0000000,0x00000000a280cbe8,0x00000000bf800000)
 Metaspace       used 56834K, capacity 58942K, committed 59028K, reserved 1099776K
  class space    used 7585K, capacity 8072K, committed 8124K, reserved 1048576K
}
Event: 41.851 GC heap before
{Heap before GC invocations=11 (full 3):
 PSYoungGen      total 270848K, used 240177K [0x00000000e0000000, 0x00000000f6200000, 0x0000000100000000)
  eden space 241152K, 99% used [0x00000000e0000000,0x00000000eea8c418,0x00000000eeb80000)
  from space 29696K, 0% used [0x00000000eeb80000,0x00000000eeb80000,0x00000000f0880000)
  to   space 33280K, 0% used [0x00000000f4180000,0x00000000f4180000,0x00000000f6200000)
 ParOldGen       total 516096K, used 41010K [0x00000000a0000000, 0x00000000bf800000, 0x00000000e0000000)
  object space 516096K, 7% used [0x00000000a0000000,0x00000000a280cbe8,0x00000000bf800000)
 Metaspace       used 68525K, capacity 71344K, committed 71572K, reserved 1112064K
  class space    used 9006K, capacity 9637K, committed 9660K, reserved 1048576K
Event: 41.863 GC heap after
Heap after GC invocations=11 (full 3):
 PSYoungGen      total 274432K, used 29755K [0x00000000e0000000, 0x00000000f6200000, 0x0000000100000000)
  eden space 241152K, 0% used [0x00000000e0000000,0x00000000e0000000,0x00000000eeb80000)
  from space 33280K, 89% used [0x00000000f4180000,0x00000000f5e8ec90,0x00000000f6200000)
  to   space 29696K, 0% used [0x00000000eeb80000,0x00000000eeb80000,0x00000000f0880000)
 ParOldGen       total 516096K, used 41026K [0x00000000a0000000, 0x00000000bf800000, 0x00000000e0000000)
  object space 516096K, 7% used [0x00000000a0000000,0x00000000a2810be8,0x00000000bf800000)
 Metaspace       used 68525K, capacity 71344K, committed 71572K, reserved 1112064K
  class space    used 9006K, capacity 9637K, committed 9660K, reserved 1048576K
}
Event: 42.643 GC heap before
{Heap before GC invocations=12 (full 3):
 PSYoungGen      total 274432K, used 265942K [0x00000000e0000000, 0x00000000f6200000, 0x0000000100000000)
  eden space 241152K, 97% used [0x00000000e0000000,0x00000000ee6a6cf0,0x00000000eeb80000)
  from space 33280K, 89% used [0x00000000f4180000,0x00000000f5e8ec90,0x00000000f6200000)
  to   space 29696K, 0% used [0x00000000eeb80000,0x00000000eeb80000,0x00000000f0880000)
 ParOldGen       total 516096K, used 41026K [0x00000000a0000000, 0x00000000bf800000, 0x00000000e0000000)
  object space 516096K, 7% used [0x00000000a0000000,0x00000000a2810be8,0x00000000bf800000)
 Metaspace       used 70509K, capacity 73520K, committed 73876K, reserved 1114112K
  class space    used 9336K, capacity 10045K, committed 10172K, reserved 1048576K
Event: 42.668 GC heap after
Heap after GC invocations=12 (full 3):
 PSYoungGen      total 270848K, used 29684K [0x00000000e0000000, 0x00000000f6200000, 0x0000000100000000)
  eden space 241152K, 0% used [0x00000000e0000000,0x00000000e0000000,0x00000000eeb80000)
  from space 29696K, 99% used [0x00000000eeb80000,0x00000000f087d200,0x00000000f0880000)
  to   space 33280K, 0% used [0x00000000f4180000,0x00000000f4180000,0x00000000f6200000)
 ParOldGen       total 516096K, used 123655K [0x00000000a0000000, 0x00000000bf800000, 0x00000000e0000000)
  object space 516096K, 23% used [0x00000000a0000000,0x00000000a78c1cf8,0x00000000bf800000)
 Metaspace       used 70509K, capacity 73520K, committed 73876K, reserved 1114112K
  class space    used 9336K, capacity 10045K, committed 10172K, reserved 1048576K
}

