# JRE version: OpenJDK Runtime Environment (8.0_152-b02) (build 1.8.0_152-release-1024-b02)
# Java VM: OpenJDK 64-Bit Server VM (25.152-b02 mixed mode windows-amd64 compressed oops)
Heap:
 PSYoungGen      total 424960K, used 384202K [0x00000000e0000000, 0x00000000ffb00000, 0x0000000100000000)
  eden space 392192K, 97% used [0x00000000e0000000,0x00000000f7732b70,0x00000000f7f00000)
  from space 32768K, 0% used [0x00000000fdb00000,0x00000000fdb00000,0x00000000ffb00000)
  to   space 41984K, 0% used [0x00000000fa900000,0x00000000fa900000,0x00000000fd200000)
 ParOldGen       total 263168K, used 46341K [0x00000000a0000000, 0x00000000b0100000, 0x00000000e0000000)
  object space 263168K, 17% used [0x00000000a0000000,0x00000000a2d414d8,0x00000000b0100000)
 Metaspace       used 67412K, capacity 70080K, committed 70420K, reserved 1110016K
  class space    used 8514K, capacity 9141K, committed 9236K, reserved 1048576K
GC Heap History (10 events):
Event: 32.394 GC heap before
{Heap before GC invocations=9 (full 2):
 PSYoungGen      total 327168K, used 326927K [0x00000000e0000000, 0x00000000f5d80000, 0x0000000100000000)
  eden space 309760K, 99% used [0x00000000e0000000,0x00000000f2e72550,0x00000000f2e80000)
  from space 17408K, 98% used [0x00000000f4c80000,0x00000000f5d51a80,0x00000000f5d80000)
  to   space 21504K, 0% used [0x00000000f3380000,0x00000000f3380000,0x00000000f4880000)
 ParOldGen       total 263168K, used 14904K [0x00000000a0000000, 0x00000000b0100000, 0x00000000e0000000)
  object space 263168K, 5% used [0x00000000a0000000,0x00000000a0e8e138,0x00000000b0100000)
 Metaspace       used 55650K, capacity 57220K, committed 57304K, reserved 1099776K
  class space    used 7176K, capacity 7632K, committed 7640K, reserved 1048576K
Event: 32.408 GC heap after
Heap after GC invocations=9 (full 2):
 PSYoungGen      total 336384K, used 21476K [0x00000000e0000000, 0x00000000fc900000, 0x0000000100000000)
  eden space 314880K, 0% used [0x00000000e0000000,0x00000000e0000000,0x00000000f3380000)
  from space 21504K, 99% used [0x00000000f3380000,0x00000000f4879370,0x00000000f4880000)
  to   space 28160K, 0% used [0x00000000fad80000,0x00000000fad80000,0x00000000fc900000)
 ParOldGen       total 263168K, used 19877K [0x00000000a0000000, 0x00000000b0100000, 0x00000000e0000000)
  object space 263168K, 7% used [0x00000000a0000000,0x00000000a1369470,0x00000000b0100000)
 Metaspace       used 55650K, capacity 57220K, committed 57304K, reserved 1099776K
  class space    used 7176K, capacity 7632K, committed 7640K, reserved 1048576K
}
Event: 44.234 GC heap before
{Heap before GC invocations=10 (full 2):
 PSYoungGen      total 336384K, used 336356K [0x00000000e0000000, 0x00000000fc900000, 0x0000000100000000)
  eden space 314880K, 100% used [0x00000000e0000000,0x00000000f3380000,0x00000000f3380000)
  from space 21504K, 99% used [0x00000000f3380000,0x00000000f4879370,0x00000000f4880000)
  to   space 28160K, 0% used [0x00000000fad80000,0x00000000fad80000,0x00000000fc900000)
 ParOldGen       total 263168K, used 19877K [0x00000000a0000000, 0x00000000b0100000, 0x00000000e0000000)
  object space 263168K, 7% used [0x00000000a0000000,0x00000000a1369470,0x00000000b0100000)
 Metaspace       used 56445K, capacity 57982K, committed 58200K, reserved 1099776K
  class space    used 7244K, capacity 7709K, committed 7768K, reserved 1048576K
Event: 44.249 GC heap after
Heap after GC invocations=10 (full 2):
 PSYoungGen      total 432640K, used 28142K [0x00000000e0000000, 0x00000000fcd00000, 0x0000000100000000)
  eden space 404480K, 0% used [0x00000000e0000000,0x00000000e0000000,0x00000000f8b00000)
  from space 28160K, 99% used [0x00000000fad80000,0x00000000fc8fb878,0x00000000fc900000)
  to   space 33792K, 0% used [0x00000000f8b00000,0x00000000f8b00000,0x00000000fac00000)
 ParOldGen       total 263168K, used 21730K [0x00000000a0000000, 0x00000000b0100000, 0x00000000e0000000)
  object space 263168K, 8% used [0x00000000a0000000,0x00000000a15389f0,0x00000000b0100000)
 Metaspace       used 56445K, capacity 57982K, committed 58200K, reserved 1099776K
  class space    used 7244K, capacity 7709K, committed 7768K, reserved 1048576K
}
Event: 63.870 GC heap before
{Heap before GC invocations=11 (full 2):
 PSYoungGen      total 432640K, used 432622K [0x00000000e0000000, 0x00000000fcd00000, 0x0000000100000000)
  eden space 404480K, 100% used [0x00000000e0000000,0x00000000f8b00000,0x00000000f8b00000)
  from space 28160K, 99% used [0x00000000fad80000,0x00000000fc8fb878,0x00000000fc900000)
  to   space 33792K, 0% used [0x00000000f8b00000,0x00000000f8b00000,0x00000000fac00000)
 ParOldGen       total 263168K, used 21730K [0x00000000a0000000, 0x00000000b0100000, 0x00000000e0000000)
  object space 263168K, 8% used [0x00000000a0000000,0x00000000a15389f0,0x00000000b0100000)
 Metaspace       used 56534K, capacity 58152K, committed 58456K, reserved 1099776K
  class space    used 7247K, capacity 7712K, committed 7768K, reserved 1048576K
Event: 63.889 GC heap after
Heap after GC invocations=11 (full 2):
 PSYoungGen      total 438272K, used 31324K [0x00000000e0000000, 0x0000000100000000, 0x0000000100000000)
  eden space 404480K, 0% used [0x00000000e0000000,0x00000000e0000000,0x00000000f8b00000)
  from space 33792K, 92% used [0x00000000f8b00000,0x00000000fa9973e8,0x00000000fac00000)
  to   space 37888K, 0% used [0x00000000fdb00000,0x00000000fdb00000,0x0000000100000000)
 ParOldGen       total 263168K, used 21738K [0x00000000a0000000, 0x00000000b0100000, 0x00000000e0000000)
  object space 263168K, 8% used [0x00000000a0000000,0x00000000a153a9f0,0x00000000b0100000)
 Metaspace       used 56534K, capacity 58152K, committed 58456K, reserved 1099776K
  class space    used 7247K, capacity 7712K, committed 7768K, reserved 1048576K
}
Event: 86.079 GC heap before
{Heap before GC invocations=12 (full 2):
 PSYoungGen      total 438272K, used 303480K [0x00000000e0000000, 0x0000000100000000, 0x0000000100000000)
  eden space 404480K, 67% used [0x00000000e0000000,0x00000000f09c6e08,0x00000000f8b00000)
  from space 33792K, 92% used [0x00000000f8b00000,0x00000000fa9973e8,0x00000000fac00000)
  to   space 37888K, 0% used [0x00000000fdb00000,0x00000000fdb00000,0x0000000100000000)
 ParOldGen       total 263168K, used 21738K [0x00000000a0000000, 0x00000000b0100000, 0x00000000e0000000)
  object space 263168K, 8% used [0x00000000a0000000,0x00000000a153a9f0,0x00000000b0100000)
 Metaspace       used 57287K, capacity 58962K, committed 59028K, reserved 1099776K
  class space    used 7339K, capacity 7821K, committed 7828K, reserved 1048576K
Event: 86.101 GC heap after
Heap after GC invocations=12 (full 2):
 PSYoungGen      total 424960K, used 32709K [0x00000000e0000000, 0x00000000ffb00000, 0x0000000100000000)
  eden space 392192K, 0% used [0x00000000e0000000,0x00000000e0000000,0x00000000f7f00000)
  from space 32768K, 99% used [0x00000000fdb00000,0x00000000ffaf17b8,0x00000000ffb00000)
  to   space 41984K, 0% used [0x00000000fa900000,0x00000000fa900000,0x00000000fd200000)
 ParOldGen       total 263168K, used 21746K [0x00000000a0000000, 0x00000000b0100000, 0x00000000e0000000)
  object space 263168K, 8% used [0x00000000a0000000,0x00000000a153c9f0,0x00000000b0100000)
 Metaspace       used 57287K, capacity 58962K, committed 59028K, reserved 1099776K
  class space    used 7339K, capacity 7821K, committed 7828K, reserved 1048576K
}
Event: 86.101 GC heap before
{Heap before GC invocations=13 (full 3):
 PSYoungGen      total 424960K, used 32709K [0x00000000e0000000, 0x00000000ffb00000, 0x0000000100000000)
  eden space 392192K, 0% used [0x00000000e0000000,0x00000000e0000000,0x00000000f7f00000)
  from space 32768K, 99% used [0x00000000fdb00000,0x00000000ffaf17b8,0x00000000ffb00000)
  to   space 41984K, 0% used [0x00000000fa900000,0x00000000fa900000,0x00000000fd200000)
 ParOldGen       total 263168K, used 21746K [0x00000000a0000000, 0x00000000b0100000, 0x00000000e0000000)
  object space 263168K, 8% used [0x00000000a0000000,0x00000000a153c9f0,0x00000000b0100000)
 Metaspace       used 57287K, capacity 58962K, committed 59028K, reserved 1099776K
  class space    used 7339K, capacity 7821K, committed 7828K, reserved 1048576K
Event: 86.289 GC heap after
Heap after GC invocations=13 (full 3):
 PSYoungGen      total 424960K, used 0K [0x00000000e0000000, 0x00000000ffb00000, 0x0000000100000000)
  eden space 392192K, 0% used [0x00000000e0000000,0x00000000e0000000,0x00000000f7f00000)
  from space 32768K, 0% used [0x00000000fdb00000,0x00000000fdb00000,0x00000000ffb00000)
  to   space 41984K, 0% used [0x00000000fa900000,0x00000000fa900000,0x00000000fd200000)
 ParOldGen       total 263168K, used 46341K [0x00000000a0000000, 0x00000000b0100000, 0x00000000e0000000)
  object space 263168K, 17% used [0x00000000a0000000,0x00000000a2d414d8,0x00000000b0100000)
 Metaspace       used 57055K, capacity 58612K, committed 59028K, reserved 1099776K
  class space    used 7285K, capacity 7725K, committed 7828K, reserved 1048576K
}

